[2021-03-04 03:24:39] production.ERROR: Undefined index: name {"exception":"[object] (ErrorException(code: 0): Undefined index: name at /home/558456.cloudwaysapps.com/vsuwfgzjnz/public_html/vendor/laravel/framework/src/Illuminate/Foundation/PackageManifest.php:131)
[stacktrace]
#0 /home/558456.cloudwaysapps.com/vsuwfgzjnz/public_html/vendor/laravel/framework/src/Illuminate/Foundation/PackageManifest.php(131): Illuminate\\Foundation\\Bootstrap\\HandleExceptions->handleError(8, 'Undefined index...', '/home/558456.cl...', 131, Array)
#1 /home/558456.cloudwaysapps.com/vsuwfgzjnz/public_html/vendor/laravel/framework/src/Illuminate/Support/Collection.php(685): Illuminate\\Foundation\\PackageManifest->Illuminate\\Foundation\\{closure}(Array, 'packages')
#2 /home/558456.cloudwaysapps.com/vsuwfgzjnz/public_html/vendor/laravel/framework/src/Illuminate/Foundation/PackageManifest.php(132): Illuminate\\Support\\Collection->mapWithKeys(Object(Closure))
#3 /home/558456.cloudwaysapps.com/vsuwfgzjnz/public_html/vendor/laravel/framework/src/Illuminate/Foundation/PackageManifest.php(106): Illuminate\\Foundation\\PackageManifest->build()
#4 /home/558456.cloudwaysapps.com/vsuwfgzjnz/public_html/vendor/laravel/framework/src/Illuminate/Foundation/PackageManifest.php(89): Illuminate\\Foundation\\PackageManifest->getManifest()
#5 /home/558456.cloudwaysapps.com/vsuwfgzjnz/public_html/vendor/laravel/framework/src/Illuminate/Foundation/PackageManifest.php(78): Illuminate\\Foundation\\PackageManifest->config('aliases')
#6 /home/558456.cloudwaysapps.com/vsuwfgzjnz/public_html/vendor/laravel/framework/src/Illuminate/Foundation/Bootstrap/RegisterFacades.php(26): Illuminate\\Foundation\\PackageManifest->aliases()
#7 /home/558456.cloudwaysapps.com/vsuwfgzjnz/public_html/vendor/laravel/framework/src/Illuminate/Foundation/Application.php(228): Illuminate\\Foundation\\Bootstrap\\RegisterFacades->bootstrap(Object(Illuminate\\Foundation\\Application))
#8 /home/558456.cloudwaysapps.com/vsuwfgzjnz/public_html/vendor/laravel/framework/src/Illuminate/Foundation/Console/Kernel.php(310): Illuminate\\Foundation\\Application->bootstrapWith(Array)
#9 /home/558456.cloudwaysapps.com/vsuwfgzjnz/public_html/vendor/laravel/framework/src/Illuminate/Foundation/Console/Kernel.php(127): Illuminate\\Foundation\\Console\\Kernel->bootstrap()
#10 /home/558456.cloudwaysapps.com/vsuwfgzjnz/public_html/artisan(37): Illuminate\\Foundation\\Console\\Kernel->handle(Object(Symfony\\Component\\Console\\Input\\ArgvInput), Object(Symfony\\Component\\Console\\Output\\ConsoleOutput))
#11 {main}
"} 
[2021-03-03 22:29:08] local.ERROR: Undefined index: name {"exception":"[object] (ErrorException(code: 0): Undefined index: name at /home/558456.cloudwaysapps.com/vsuwfgzjnz/public_html/vendor/laravel/framework/src/Illuminate/Foundation/PackageManifest.php:131)
[stacktrace]
#0 /home/558456.cloudwaysapps.com/vsuwfgzjnz/public_html/vendor/laravel/framework/src/Illuminate/Foundation/PackageManifest.php(131): Illuminate\\Foundation\\Bootstrap\\HandleExceptions->handleError(8, 'Undefined index...', '/home/558456.cl...', 131, Array)
#1 /home/558456.cloudwaysapps.com/vsuwfgzjnz/public_html/vendor/laravel/framework/src/Illuminate/Support/Collection.php(685): Illuminate\\Foundation\\PackageManifest->Illuminate\\Foundation\\{closure}(Array, 'packages')
#2 /home/558456.cloudwaysapps.com/vsuwfgzjnz/public_html/vendor/laravel/framework/src/Illuminate/Foundation/PackageManifest.php(132): Illuminate\\Support\\Collection->mapWithKeys(Object(Closure))
#3 /home/558456.cloudwaysapps.com/vsuwfgzjnz/public_html/vendor/laravel/framework/src/Illuminate/Foundation/PackageManifest.php(106): Illuminate\\Foundation\\PackageManifest->build()
#4 /home/558456.cloudwaysapps.com/vsuwfgzjnz/public_html/vendor/laravel/framework/src/Illuminate/Foundation/PackageManifest.php(89): Illuminate\\Foundation\\PackageManifest->getManifest()
#5 /home/558456.cloudwaysapps.com/vsuwfgzjnz/public_html/vendor/laravel/framework/src/Illuminate/Foundation/PackageManifest.php(78): Illuminate\\Foundation\\PackageManifest->config('aliases')
#6 /home/558456.cloudwaysapps.com/vsuwfgzjnz/public_html/vendor/laravel/framework/src/Illuminate/Foundation/Bootstrap/RegisterFacades.php(26): Illuminate\\Foundation\\PackageManifest->aliases()
#7 /home/558456.cloudwaysapps.com/vsuwfgzjnz/public_html/vendor/laravel/framework/src/Illuminate/Foundation/Application.php(228): Illuminate\\Foundation\\Bootstrap\\RegisterFacades->bootstrap(Object(Illuminate\\Foundation\\Application))
#8 /home/558456.cloudwaysapps.com/vsuwfgzjnz/public_html/vendor/laravel/framework/src/Illuminate/Foundation/Http/Kernel.php(151): Illuminate\\Foundation\\Application->bootstrapWith(Array)
#9 /home/558456.cloudwaysapps.com/vsuwfgzjnz/public_html/vendor/laravel/framework/src/Illuminate/Foundation/Http/Kernel.php(135): Illuminate\\Foundation\\Http\\Kernel->bootstrap()
#10 /home/558456.cloudwaysapps.com/vsuwfgzjnz/public_html/vendor/laravel/framework/src/Illuminate/Foundation/Http/Kernel.php(109): Illuminate\\Foundation\\Http\\Kernel->sendRequestThroughRouter(Object(Illuminate\\Http\\Request))
#11 /home/558456.cloudwaysapps.com/vsuwfgzjnz/public_html/public/index.php(55): Illuminate\\Foundation\\Http\\Kernel->handle(Object(Illuminate\\Http\\Request))
#12 {main}
"} 
[2021-03-03 22:29:42] local.ERROR: Undefined index: name {"exception":"[object] (ErrorException(code: 0): Undefined index: name at /home/558456.cloudwaysapps.com/vsuwfgzjnz/public_html/vendor/laravel/framework/src/Illuminate/Foundation/PackageManifest.php:131)
[stacktrace]
#0 /home/558456.cloudwaysapps.com/vsuwfgzjnz/public_html/vendor/laravel/framework/src/Illuminate/Foundation/PackageManifest.php(131): Illuminate\\Foundation\\Bootstrap\\HandleExceptions->handleError(8, 'Undefined index...', '/home/558456.cl...', 131, Array)
#1 /home/558456.cloudwaysapps.com/vsuwfgzjnz/public_html/vendor/laravel/framework/src/Illuminate/Support/Collection.php(685): Illuminate\\Foundation\\PackageManifest->Illuminate\\Foundation\\{closure}(Array, 'packages')
#2 /home/558456.cloudwaysapps.com/vsuwfgzjnz/public_html/vendor/laravel/framework/src/Illuminate/Foundation/PackageManifest.php(132): Illuminate\\Support\\Collection->mapWithKeys(Object(Closure))
#3 /home/558456.cloudwaysapps.com/vsuwfgzjnz/public_html/vendor/laravel/framework/src/Illuminate/Foundation/PackageManifest.php(106): Illuminate\\Foundation\\PackageManifest->build()
#4 /home/558456.cloudwaysapps.com/vsuwfgzjnz/public_html/vendor/laravel/framework/src/Illuminate/Foundation/PackageManifest.php(89): Illuminate\\Foundation\\PackageManifest->getManifest()
#5 /home/558456.cloudwaysapps.com/vsuwfgzjnz/public_html/vendor/laravel/framework/src/Illuminate/Foundation/PackageManifest.php(78): Illuminate\\Foundation\\PackageManifest->config('aliases')
#6 /home/558456.cloudwaysapps.com/vsuwfgzjnz/public_html/vendor/laravel/framework/src/Illuminate/Foundation/Bootstrap/RegisterFacades.php(26): Illuminate\\Foundation\\PackageManifest->aliases()
#7 /home/558456.cloudwaysapps.com/vsuwfgzjnz/public_html/vendor/laravel/framework/src/Illuminate/Foundation/Application.php(228): Illuminate\\Foundation\\Bootstrap\\RegisterFacades->bootstrap(Object(Illuminate\\Foundation\\Application))
#8 /home/558456.cloudwaysapps.com/vsuwfgzjnz/public_html/vendor/laravel/framework/src/Illuminate/Foundation/Console/Kernel.php(310): Illuminate\\Foundation\\Application->bootstrapWith(Array)
#9 /home/558456.cloudwaysapps.com/vsuwfgzjnz/public_html/vendor/laravel/framework/src/Illuminate/Foundation/Console/Kernel.php(127): Illuminate\\Foundation\\Console\\Kernel->bootstrap()
#10 /home/558456.cloudwaysapps.com/vsuwfgzjnz/public_html/artisan(37): Illuminate\\Foundation\\Console\\Kernel->handle(Object(Symfony\\Component\\Console\\Input\\ArgvInput), Object(Symfony\\Component\\Console\\Output\\ConsoleOutput))
#11 {main}
"} 
[2021-03-03 22:33:51] local.ERROR: Undefined index: name {"exception":"[object] (ErrorException(code: 0): Undefined index: name at /home/558456.cloudwaysapps.com/vsuwfgzjnz/public_html/vendor/laravel/framework/src/Illuminate/Foundation/PackageManifest.php:131)
[stacktrace]
#0 /home/558456.cloudwaysapps.com/vsuwfgzjnz/public_html/vendor/laravel/framework/src/Illuminate/Foundation/PackageManifest.php(131): Illuminate\\Foundation\\Bootstrap\\HandleExceptions->handleError()
#1 /home/558456.cloudwaysapps.com/vsuwfgzjnz/public_html/vendor/laravel/framework/src/Illuminate/Support/Collection.php(685): Illuminate\\Foundation\\PackageManifest->Illuminate\\Foundation\\{closure}()
#2 /home/558456.cloudwaysapps.com/vsuwfgzjnz/public_html/vendor/laravel/framework/src/Illuminate/Foundation/PackageManifest.php(132): Illuminate\\Support\\Collection->mapWithKeys()
#3 /home/558456.cloudwaysapps.com/vsuwfgzjnz/public_html/vendor/laravel/framework/src/Illuminate/Foundation/PackageManifest.php(106): Illuminate\\Foundation\\PackageManifest->build()
#4 /home/558456.cloudwaysapps.com/vsuwfgzjnz/public_html/vendor/laravel/framework/src/Illuminate/Foundation/PackageManifest.php(89): Illuminate\\Foundation\\PackageManifest->getManifest()
#5 /home/558456.cloudwaysapps.com/vsuwfgzjnz/public_html/vendor/laravel/framework/src/Illuminate/Foundation/PackageManifest.php(78): Illuminate\\Foundation\\PackageManifest->config()
#6 /home/558456.cloudwaysapps.com/vsuwfgzjnz/public_html/vendor/laravel/framework/src/Illuminate/Foundation/Bootstrap/RegisterFacades.php(26): Illuminate\\Foundation\\PackageManifest->aliases()
#7 /home/558456.cloudwaysapps.com/vsuwfgzjnz/public_html/vendor/laravel/framework/src/Illuminate/Foundation/Application.php(228): Illuminate\\Foundation\\Bootstrap\\RegisterFacades->bootstrap()
#8 /home/558456.cloudwaysapps.com/vsuwfgzjnz/public_html/vendor/laravel/framework/src/Illuminate/Foundation/Console/Kernel.php(310): Illuminate\\Foundation\\Application->bootstrapWith()
#9 /home/558456.cloudwaysapps.com/vsuwfgzjnz/public_html/vendor/laravel/framework/src/Illuminate/Foundation/Console/Kernel.php(127): Illuminate\\Foundation\\Console\\Kernel->bootstrap()
#10 /home/558456.cloudwaysapps.com/vsuwfgzjnz/public_html/artisan(37): Illuminate\\Foundation\\Console\\Kernel->handle()
#11 {main}
"} 
[2021-03-03 23:05:49] production.ERROR: Failed to authenticate on SMTP server with username "regresaconpediasure@gmail.com" using 3 possible authenticators. Authenticator LOGIN returned Expected response code 235 but got code "535", with message "535-5.7.8 Username and Password not accepted. Learn more at
535 5.7.8  https://support.google.com/mail/?p=BadCredentials w202sm28876999pff.198 - gsmtp
". Authenticator PLAIN returned Expected response code 235 but got code "535", with message "535-5.7.8 Username and Password not accepted. Learn more at
535 5.7.8  https://support.google.com/mail/?p=BadCredentials w202sm28876999pff.198 - gsmtp
". Authenticator XOAUTH2 returned Expected response code 250 but got code "535", with message "535-5.7.8 Username and Password not accepted. Learn more at
535 5.7.8  https://support.google.com/mail/?p=BadCredentials w202sm28876999pff.198 - gsmtp
". {"exception":"[object] (Swift_TransportException(code: 0): Failed to authenticate on SMTP server with username \"regresaconpediasure@gmail.com\" using 3 possible authenticators. Authenticator LOGIN returned Expected response code 235 but got code \"535\", with message \"535-5.7.8 Username and Password not accepted. Learn more at
535 5.7.8  https://support.google.com/mail/?p=BadCredentials w202sm28876999pff.198 - gsmtp
\". Authenticator PLAIN returned Expected response code 235 but got code \"535\", with message \"535-5.7.8 Username and Password not accepted. Learn more at
535 5.7.8  https://support.google.com/mail/?p=BadCredentials w202sm28876999pff.198 - gsmtp
\". Authenticator XOAUTH2 returned Expected response code 250 but got code \"535\", with message \"535-5.7.8 Username and Password not accepted. Learn more at
535 5.7.8  https://support.google.com/mail/?p=BadCredentials w202sm28876999pff.198 - gsmtp
\". at /home/558456.cloudwaysapps.com/vsuwfgzjnz/public_html/vendor/swiftmailer/swiftmailer/lib/classes/Swift/Transport/Esmtp/AuthHandler.php:191)
[stacktrace]
#0 /home/558456.cloudwaysapps.com/vsuwfgzjnz/public_html/vendor/swiftmailer/swiftmailer/lib/classes/Swift/Transport/EsmtpTransport.php(371): Swift_Transport_Esmtp_AuthHandler->afterEhlo()
#1 /home/558456.cloudwaysapps.com/vsuwfgzjnz/public_html/vendor/swiftmailer/swiftmailer/lib/classes/Swift/Transport/AbstractSmtpTransport.php(148): Swift_Transport_EsmtpTransport->doHeloCommand()
#2 /home/558456.cloudwaysapps.com/vsuwfgzjnz/public_html/vendor/swiftmailer/swiftmailer/lib/classes/Swift/Mailer.php(65): Swift_Transport_AbstractSmtpTransport->start()
#3 /home/558456.cloudwaysapps.com/vsuwfgzjnz/public_html/vendor/laravel/framework/src/Illuminate/Mail/Mailer.php(521): Swift_Mailer->send()
#4 /home/558456.cloudwaysapps.com/vsuwfgzjnz/public_html/vendor/laravel/framework/src/Illuminate/Mail/Mailer.php(288): Illuminate\\Mail\\Mailer->sendSwiftMessage()
#5 /home/558456.cloudwaysapps.com/vsuwfgzjnz/public_html/vendor/laravel/framework/src/Illuminate/Mail/Mailable.php(177): Illuminate\\Mail\\Mailer->send()
#6 /home/558456.cloudwaysapps.com/vsuwfgzjnz/public_html/vendor/laravel/framework/src/Illuminate/Support/Traits/Localizable.php(19): Illuminate\\Mail\\Mailable->Illuminate\\Mail\\{closure}()
#7 /home/558456.cloudwaysapps.com/vsuwfgzjnz/public_html/vendor/laravel/framework/src/Illuminate/Mail/Mailable.php(178): Illuminate\\Mail\\Mailable->withLocale()
#8 /home/558456.cloudwaysapps.com/vsuwfgzjnz/public_html/vendor/laravel/framework/src/Illuminate/Mail/Mailer.php(304): Illuminate\\Mail\\Mailable->send()
#9 /home/558456.cloudwaysapps.com/vsuwfgzjnz/public_html/vendor/laravel/framework/src/Illuminate/Mail/Mailer.php(258): Illuminate\\Mail\\Mailer->sendMailable()
#10 /home/558456.cloudwaysapps.com/vsuwfgzjnz/public_html/vendor/laravel/framework/src/Illuminate/Mail/PendingMail.php(121): Illuminate\\Mail\\Mailer->send()
#11 /home/558456.cloudwaysapps.com/vsuwfgzjnz/public_html/app/Http/Controllers/HomeController.php(33): Illuminate\\Mail\\PendingMail->send()
#12 /home/558456.cloudwaysapps.com/vsuwfgzjnz/public_html/vendor/laravel/framework/src/Illuminate/Routing/Controller.php(54): App\\Http\\Controllers\\HomeController->sendContact()
#13 /home/558456.cloudwaysapps.com/vsuwfgzjnz/public_html/vendor/laravel/framework/src/Illuminate/Routing/ControllerDispatcher.php(45): Illuminate\\Routing\\Controller->callAction()
#14 /home/558456.cloudwaysapps.com/vsuwfgzjnz/public_html/vendor/laravel/framework/src/Illuminate/Routing/Route.php(239): Illuminate\\Routing\\ControllerDispatcher->dispatch()
#15 /home/558456.cloudwaysapps.com/vsuwfgzjnz/public_html/vendor/laravel/framework/src/Illuminate/Routing/Route.php(196): Illuminate\\Routing\\Route->runController()
#16 /home/558456.cloudwaysapps.com/vsuwfgzjnz/public_html/vendor/laravel/framework/src/Illuminate/Routing/Router.php(685): Illuminate\\Routing\\Route->run()
#17 /home/558456.cloudwaysapps.com/vsuwfgzjnz/public_html/vendor/laravel/framework/src/Illuminate/Pipeline/Pipeline.php(128): Illuminate\\Routing\\Router->Illuminate\\Routing\\{closure}()
#18 /home/558456.cloudwaysapps.com/vsuwfgzjnz/public_html/vendor/laravel/framework/src/Illuminate/Routing/Middleware/SubstituteBindings.php(41): Illuminate\\Pipeline\\Pipeline->Illuminate\\Pipeline\\{closure}()
#19 /home/558456.cloudwaysapps.com/vsuwfgzjnz/public_html/vendor/laravel/framework/src/Illuminate/Pipeline/Pipeline.php(167): Illuminate\\Routing\\Middleware\\SubstituteBindings->handle()
#20 /home/558456.cloudwaysapps.com/vsuwfgzjnz/public_html/vendor/laravel/framework/src/Illuminate/Foundation/Http/Middleware/VerifyCsrfToken.php(78): Illuminate\\Pipeline\\Pipeline->Illuminate\\Pipeline\\{closure}()
#21 /home/558456.cloudwaysapps.com/vsuwfgzjnz/public_html/vendor/laravel/framework/src/Illuminate/Pipeline/Pipeline.php(167): Illuminate\\Foundation\\Http\\Middleware\\VerifyCsrfToken->handle()
#22 /home/558456.cloudwaysapps.com/vsuwfgzjnz/public_html/vendor/laravel/framework/src/Illuminate/View/Middleware/ShareErrorsFromSession.php(49): Illuminate\\Pipeline\\Pipeline->Illuminate\\Pipeline\\{closure}()
#23 /home/558456.cloudwaysapps.com/vsuwfgzjnz/public_html/vendor/laravel/framework/src/Illuminate/Pipeline/Pipeline.php(167): Illuminate\\View\\Middleware\\ShareErrorsFromSession->handle()
#24 /home/558456.cloudwaysapps.com/vsuwfgzjnz/public_html/vendor/laravel/framework/src/Illuminate/Session/Middleware/StartSession.php(116): Illuminate\\Pipeline\\Pipeline->Illuminate\\Pipeline\\{closure}()
#25 /home/558456.cloudwaysapps.com/vsuwfgzjnz/public_html/vendor/laravel/framework/src/Illuminate/Session/Middleware/StartSession.php(62): Illuminate\\Session\\Middleware\\StartSession->handleStatefulRequest()
#26 /home/558456.cloudwaysapps.com/vsuwfgzjnz/public_html/vendor/laravel/framework/src/Illuminate/Pipeline/Pipeline.php(167): Illuminate\\Session\\Middleware\\StartSession->handle()
#27 /home/558456.cloudwaysapps.com/vsuwfgzjnz/public_html/vendor/laravel/framework/src/Illuminate/Cookie/Middleware/AddQueuedCookiesToResponse.php(37): Illuminate\\Pipeline\\Pipeline->Illuminate\\Pipeline\\{closure}()
#28 /home/558456.cloudwaysapps.com/vsuwfgzjnz/public_html/vendor/laravel/framework/src/Illuminate/Pipeline/Pipeline.php(167): Illuminate\\Cookie\\Middleware\\AddQueuedCookiesToResponse->handle()
#29 /home/558456.cloudwaysapps.com/vsuwfgzjnz/public_html/vendor/laravel/framework/src/Illuminate/Cookie/Middleware/EncryptCookies.php(67): Illuminate\\Pipeline\\Pipeline->Illuminate\\Pipeline\\{closure}()
#30 /home/558456.cloudwaysapps.com/vsuwfgzjnz/public_html/vendor/laravel/framework/src/Illuminate/Pipeline/Pipeline.php(167): Illuminate\\Cookie\\Middleware\\EncryptCookies->handle()
#31 /home/558456.cloudwaysapps.com/vsuwfgzjnz/public_html/vendor/laravel/framework/src/Illuminate/Pipeline/Pipeline.php(103): Illuminate\\Pipeline\\Pipeline->Illuminate\\Pipeline\\{closure}()
#32 /home/558456.cloudwaysapps.com/vsuwfgzjnz/public_html/vendor/laravel/framework/src/Illuminate/Routing/Router.php(687): Illuminate\\Pipeline\\Pipeline->then()
#33 /home/558456.cloudwaysapps.com/vsuwfgzjnz/public_html/vendor/laravel/framework/src/Illuminate/Routing/Router.php(662): Illuminate\\Routing\\Router->runRouteWithinStack()
#34 /home/558456.cloudwaysapps.com/vsuwfgzjnz/public_html/vendor/laravel/framework/src/Illuminate/Routing/Router.php(628): Illuminate\\Routing\\Router->runRoute()
#35 /home/558456.cloudwaysapps.com/vsuwfgzjnz/public_html/vendor/laravel/framework/src/Illuminate/Routing/Router.php(617): Illuminate\\Routing\\Router->dispatchToRoute()
#36 /home/558456.cloudwaysapps.com/vsuwfgzjnz/public_html/vendor/laravel/framework/src/Illuminate/Foundation/Http/Kernel.php(165): Illuminate\\Routing\\Router->dispatch()
#37 /home/558456.cloudwaysapps.com/vsuwfgzjnz/public_html/vendor/laravel/framework/src/Illuminate/Pipeline/Pipeline.php(128): Illuminate\\Foundation\\Http\\Kernel->Illuminate\\Foundation\\Http\\{closure}()
#38 /home/558456.cloudwaysapps.com/vsuwfgzjnz/public_html/vendor/laravel/framework/src/Illuminate/Foundation/Http/Middleware/TransformsRequest.php(21): Illuminate\\Pipeline\\Pipeline->Illuminate\\Pipeline\\{closure}()
#39 /home/558456.cloudwaysapps.com/vsuwfgzjnz/public_html/vendor/laravel/framework/src/Illuminate/Pipeline/Pipeline.php(167): Illuminate\\Foundation\\Http\\Middleware\\TransformsRequest->handle()
#40 /home/558456.cloudwaysapps.com/vsuwfgzjnz/public_html/vendor/laravel/framework/src/Illuminate/Foundation/Http/Middleware/TransformsRequest.php(21): Illuminate\\Pipeline\\Pipeline->Illuminate\\Pipeline\\{closure}()
#41 /home/558456.cloudwaysapps.com/vsuwfgzjnz/public_html/vendor/laravel/framework/src/Illuminate/Pipeline/Pipeline.php(167): Illuminate\\Foundation\\Http\\Middleware\\TransformsRequest->handle()
#42 /home/558456.cloudwaysapps.com/vsuwfgzjnz/public_html/vendor/laravel/framework/src/Illuminate/Foundation/Http/Middleware/ValidatePostSize.php(27): Illuminate\\Pipeline\\Pipeline->Illuminate\\Pipeline\\{closure}()
#43 /home/558456.cloudwaysapps.com/vsuwfgzjnz/public_html/vendor/laravel/framework/src/Illuminate/Pipeline/Pipeline.php(167): Illuminate\\Foundation\\Http\\Middleware\\ValidatePostSize->handle()
#44 /home/558456.cloudwaysapps.com/vsuwfgzjnz/public_html/vendor/laravel/framework/src/Illuminate/Foundation/Http/Middleware/CheckForMaintenanceMode.php(63): Illuminate\\Pipeline\\Pipeline->Illuminate\\Pipeline\\{closure}()
#45 /home/558456.cloudwaysapps.com/vsuwfgzjnz/public_html/vendor/laravel/framework/src/Illuminate/Pipeline/Pipeline.php(167): Illuminate\\Foundation\\Http\\Middleware\\CheckForMaintenanceMode->handle()
#46 /home/558456.cloudwaysapps.com/vsuwfgzjnz/public_html/vendor/fruitcake/laravel-cors/src/HandleCors.php(37): Illuminate\\Pipeline\\Pipeline->Illuminate\\Pipeline\\{closure}()
#47 /home/558456.cloudwaysapps.com/vsuwfgzjnz/public_html/vendor/laravel/framework/src/Illuminate/Pipeline/Pipeline.php(167): Fruitcake\\Cors\\HandleCors->handle()
#48 /home/558456.cloudwaysapps.com/vsuwfgzjnz/public_html/vendor/fideloper/proxy/src/TrustProxies.php(57): Illuminate\\Pipeline\\Pipeline->Illuminate\\Pipeline\\{closure}()
#49 /home/558456.cloudwaysapps.com/vsuwfgzjnz/public_html/vendor/laravel/framework/src/Illuminate/Pipeline/Pipeline.php(167): Fideloper\\Proxy\\TrustProxies->handle()
#50 /home/558456.cloudwaysapps.com/vsuwfgzjnz/public_html/vendor/laravel/framework/src/Illuminate/Pipeline/Pipeline.php(103): Illuminate\\Pipeline\\Pipeline->Illuminate\\Pipeline\\{closure}()
#51 /home/558456.cloudwaysapps.com/vsuwfgzjnz/public_html/vendor/laravel/framework/src/Illuminate/Foundation/Http/Kernel.php(140): Illuminate\\Pipeline\\Pipeline->then()
#52 /home/558456.cloudwaysapps.com/vsuwfgzjnz/public_html/vendor/laravel/framework/src/Illuminate/Foundation/Http/Kernel.php(109): Illuminate\\Foundation\\Http\\Kernel->sendRequestThroughRouter()
#53 /home/558456.cloudwaysapps.com/vsuwfgzjnz/public_html/public/index.php(55): Illuminate\\Foundation\\Http\\Kernel->handle()
#54 {main}
"} 
[2022-01-12 13:43:13] production.ERROR: Connection to ssl://smtp.googlemail.com:465 Timed Out {"exception":"[object] (Swift_TransportException(code: 0): Connection to ssl://smtp.googlemail.com:465 Timed Out at /home/558456.cloudwaysapps.com/vsuwfgzjnz/public_html/vendor/swiftmailer/swiftmailer/lib/classes/Swift/Transport/AbstractSmtpTransport.php:476)
[stacktrace]
#0 /home/558456.cloudwaysapps.com/vsuwfgzjnz/public_html/vendor/swiftmailer/swiftmailer/lib/classes/Swift/Transport/AbstractSmtpTransport.php(343): Swift_Transport_AbstractSmtpTransport->getFullResponse()
#1 /home/558456.cloudwaysapps.com/vsuwfgzjnz/public_html/vendor/swiftmailer/swiftmailer/lib/classes/Swift/Transport/EsmtpTransport.php(305): Swift_Transport_AbstractSmtpTransport->executeCommand()
#2 /home/558456.cloudwaysapps.com/vsuwfgzjnz/public_html/vendor/swiftmailer/swiftmailer/lib/classes/Swift/Transport/AbstractSmtpTransport.php(407): Swift_Transport_EsmtpTransport->executeCommand()
#3 /home/558456.cloudwaysapps.com/vsuwfgzjnz/public_html/vendor/swiftmailer/swiftmailer/lib/classes/Swift/Transport/AbstractSmtpTransport.php(503): Swift_Transport_AbstractSmtpTransport->streamMessage()
#4 /home/558456.cloudwaysapps.com/vsuwfgzjnz/public_html/vendor/swiftmailer/swiftmailer/lib/classes/Swift/Transport/AbstractSmtpTransport.php(519): Swift_Transport_AbstractSmtpTransport->doMailTransaction()
#5 /home/558456.cloudwaysapps.com/vsuwfgzjnz/public_html/vendor/swiftmailer/swiftmailer/lib/classes/Swift/Transport/AbstractSmtpTransport.php(206): Swift_Transport_AbstractSmtpTransport->sendTo()
#6 /home/558456.cloudwaysapps.com/vsuwfgzjnz/public_html/vendor/swiftmailer/swiftmailer/lib/classes/Swift/Mailer.php(71): Swift_Transport_AbstractSmtpTransport->send()
#7 /home/558456.cloudwaysapps.com/vsuwfgzjnz/public_html/vendor/laravel/framework/src/Illuminate/Mail/Mailer.php(521): Swift_Mailer->send()
#8 /home/558456.cloudwaysapps.com/vsuwfgzjnz/public_html/vendor/laravel/framework/src/Illuminate/Mail/Mailer.php(288): Illuminate\\Mail\\Mailer->sendSwiftMessage()
#9 /home/558456.cloudwaysapps.com/vsuwfgzjnz/public_html/vendor/laravel/framework/src/Illuminate/Mail/Mailable.php(177): Illuminate\\Mail\\Mailer->send()
#10 /home/558456.cloudwaysapps.com/vsuwfgzjnz/public_html/vendor/laravel/framework/src/Illuminate/Support/Traits/Localizable.php(19): Illuminate\\Mail\\Mailable->Illuminate\\Mail\\{closure}()
#11 /home/558456.cloudwaysapps.com/vsuwfgzjnz/public_html/vendor/laravel/framework/src/Illuminate/Mail/Mailable.php(178): Illuminate\\Mail\\Mailable->withLocale()
#12 /home/558456.cloudwaysapps.com/vsuwfgzjnz/public_html/vendor/laravel/framework/src/Illuminate/Mail/Mailer.php(304): Illuminate\\Mail\\Mailable->send()
#13 /home/558456.cloudwaysapps.com/vsuwfgzjnz/public_html/vendor/laravel/framework/src/Illuminate/Mail/Mailer.php(258): Illuminate\\Mail\\Mailer->sendMailable()
#14 /home/558456.cloudwaysapps.com/vsuwfgzjnz/public_html/vendor/laravel/framework/src/Illuminate/Mail/PendingMail.php(121): Illuminate\\Mail\\Mailer->send()
#15 /home/558456.cloudwaysapps.com/vsuwfgzjnz/public_html/app/Http/Controllers/HomeController.php(33): Illuminate\\Mail\\PendingMail->send()
#16 /home/558456.cloudwaysapps.com/vsuwfgzjnz/public_html/vendor/laravel/framework/src/Illuminate/Routing/Controller.php(54): App\\Http\\Controllers\\HomeController->sendContact()
#17 /home/558456.cloudwaysapps.com/vsuwfgzjnz/public_html/vendor/laravel/framework/src/Illuminate/Routing/ControllerDispatcher.php(45): Illuminate\\Routing\\Controller->callAction()
#18 /home/558456.cloudwaysapps.com/vsuwfgzjnz/public_html/vendor/laravel/framework/src/Illuminate/Routing/Route.php(239): Illuminate\\Routing\\ControllerDispatcher->dispatch()
#19 /home/558456.cloudwaysapps.com/vsuwfgzjnz/public_html/vendor/laravel/framework/src/Illuminate/Routing/Route.php(196): Illuminate\\Routing\\Route->runController()
#20 /home/558456.cloudwaysapps.com/vsuwfgzjnz/public_html/vendor/laravel/framework/src/Illuminate/Routing/Router.php(685): Illuminate\\Routing\\Route->run()
#21 /home/558456.cloudwaysapps.com/vsuwfgzjnz/public_html/vendor/laravel/framework/src/Illuminate/Pipeline/Pipeline.php(128): Illuminate\\Routing\\Router->Illuminate\\Routing\\{closure}()
#22 /home/558456.cloudwaysapps.com/vsuwfgzjnz/public_html/vendor/laravel/framework/src/Illuminate/Routing/Middleware/SubstituteBindings.php(41): Illuminate\\Pipeline\\Pipeline->Illuminate\\Pipeline\\{closure}()
#23 /home/558456.cloudwaysapps.com/vsuwfgzjnz/public_html/vendor/laravel/framework/src/Illuminate/Pipeline/Pipeline.php(167): Illuminate\\Routing\\Middleware\\SubstituteBindings->handle()
#24 /home/558456.cloudwaysapps.com/vsuwfgzjnz/public_html/vendor/laravel/framework/src/Illuminate/Foundation/Http/Middleware/VerifyCsrfToken.php(78): Illuminate\\Pipeline\\Pipeline->Illuminate\\Pipeline\\{closure}()
#25 /home/558456.cloudwaysapps.com/vsuwfgzjnz/public_html/vendor/laravel/framework/src/Illuminate/Pipeline/Pipeline.php(167): Illuminate\\Foundation\\Http\\Middleware\\VerifyCsrfToken->handle()
#26 /home/558456.cloudwaysapps.com/vsuwfgzjnz/public_html/vendor/laravel/framework/src/Illuminate/View/Middleware/ShareErrorsFromSession.php(49): Illuminate\\Pipeline\\Pipeline->Illuminate\\Pipeline\\{closure}()
#27 /home/558456.cloudwaysapps.com/vsuwfgzjnz/public_html/vendor/laravel/framework/src/Illuminate/Pipeline/Pipeline.php(167): Illuminate\\View\\Middleware\\ShareErrorsFromSession->handle()
#28 /home/558456.cloudwaysapps.com/vsuwfgzjnz/public_html/vendor/laravel/framework/src/Illuminate/Session/Middleware/StartSession.php(116): Illuminate\\Pipeline\\Pipeline->Illuminate\\Pipeline\\{closure}()
#29 /home/558456.cloudwaysapps.com/vsuwfgzjnz/public_html/vendor/laravel/framework/src/Illuminate/Session/Middleware/StartSession.php(62): Illuminate\\Session\\Middleware\\StartSession->handleStatefulRequest()
#30 /home/558456.cloudwaysapps.com/vsuwfgzjnz/public_html/vendor/laravel/framework/src/Illuminate/Pipeline/Pipeline.php(167): Illuminate\\Session\\Middleware\\StartSession->handle()
#31 /home/558456.cloudwaysapps.com/vsuwfgzjnz/public_html/vendor/laravel/framework/src/Illuminate/Cookie/Middleware/AddQueuedCookiesToResponse.php(37): Illuminate\\Pipeline\\Pipeline->Illuminate\\Pipeline\\{closure}()
#32 /home/558456.cloudwaysapps.com/vsuwfgzjnz/public_html/vendor/laravel/framework/src/Illuminate/Pipeline/Pipeline.php(167): Illuminate\\Cookie\\Middleware\\AddQueuedCookiesToResponse->handle()
#33 /home/558456.cloudwaysapps.com/vsuwfgzjnz/public_html/vendor/laravel/framework/src/Illuminate/Cookie/Middleware/EncryptCookies.php(67): Illuminate\\Pipeline\\Pipeline->Illuminate\\Pipeline\\{closure}()
#34 /home/558456.cloudwaysapps.com/vsuwfgzjnz/public_html/vendor/laravel/framework/src/Illuminate/Pipeline/Pipeline.php(167): Illuminate\\Cookie\\Middleware\\EncryptCookies->handle()
#35 /home/558456.cloudwaysapps.com/vsuwfgzjnz/public_html/vendor/laravel/framework/src/Illuminate/Pipeline/Pipeline.php(103): Illuminate\\Pipeline\\Pipeline->Illuminate\\Pipeline\\{closure}()
#36 /home/558456.cloudwaysapps.com/vsuwfgzjnz/public_html/vendor/laravel/framework/src/Illuminate/Routing/Router.php(687): Illuminate\\Pipeline\\Pipeline->then()
#37 /home/558456.cloudwaysapps.com/vsuwfgzjnz/public_html/vendor/laravel/framework/src/Illuminate/Routing/Router.php(662): Illuminate\\Routing\\Router->runRouteWithinStack()
#38 /home/558456.cloudwaysapps.com/vsuwfgzjnz/public_html/vendor/laravel/framework/src/Illuminate/Routing/Router.php(628): Illuminate\\Routing\\Router->runRoute()
#39 /home/558456.cloudwaysapps.com/vsuwfgzjnz/public_html/vendor/laravel/framework/src/Illuminate/Routing/Router.php(617): Illuminate\\Routing\\Router->dispatchToRoute()
#40 /home/558456.cloudwaysapps.com/vsuwfgzjnz/public_html/vendor/laravel/framework/src/Illuminate/Foundation/Http/Kernel.php(165): Illuminate\\Routing\\Router->dispatch()
#41 /home/558456.cloudwaysapps.com/vsuwfgzjnz/public_html/vendor/laravel/framework/src/Illuminate/Pipeline/Pipeline.php(128): Illuminate\\Foundation\\Http\\Kernel->Illuminate\\Foundation\\Http\\{closure}()
#42 /home/558456.cloudwaysapps.com/vsuwfgzjnz/public_html/vendor/laravel/framework/src/Illuminate/Foundation/Http/Middleware/TransformsRequest.php(21): Illuminate\\Pipeline\\Pipeline->Illuminate\\Pipeline\\{closure}()
#43 /home/558456.cloudwaysapps.com/vsuwfgzjnz/public_html/vendor/laravel/framework/src/Illuminate/Pipeline/Pipeline.php(167): Illuminate\\Foundation\\Http\\Middleware\\TransformsRequest->handle()
#44 /home/558456.cloudwaysapps.com/vsuwfgzjnz/public_html/vendor/laravel/framework/src/Illuminate/Foundation/Http/Middleware/TransformsRequest.php(21): Illuminate\\Pipeline\\Pipeline->Illuminate\\Pipeline\\{closure}()
#45 /home/558456.cloudwaysapps.com/vsuwfgzjnz/public_html/vendor/laravel/framework/src/Illuminate/Pipeline/Pipeline.php(167): Illuminate\\Foundation\\Http\\Middleware\\TransformsRequest->handle()
#46 /home/558456.cloudwaysapps.com/vsuwfgzjnz/public_html/vendor/laravel/framework/src/Illuminate/Foundation/Http/Middleware/ValidatePostSize.php(27): Illuminate\\Pipeline\\Pipeline->Illuminate\\Pipeline\\{closure}()
#47 /home/558456.cloudwaysapps.com/vsuwfgzjnz/public_html/vendor/laravel/framework/src/Illuminate/Pipeline/Pipeline.php(167): Illuminate\\Foundation\\Http\\Middleware\\ValidatePostSize->handle()
#48 /home/558456.cloudwaysapps.com/vsuwfgzjnz/public_html/vendor/laravel/framework/src/Illuminate/Foundation/Http/Middleware/CheckForMaintenanceMode.php(63): Illuminate\\Pipeline\\Pipeline->Illuminate\\Pipeline\\{closure}()
#49 /home/558456.cloudwaysapps.com/vsuwfgzjnz/public_html/vendor/laravel/framework/src/Illuminate/Pipeline/Pipeline.php(167): Illuminate\\Foundation\\Http\\Middleware\\CheckForMaintenanceMode->handle()
#50 /home/558456.cloudwaysapps.com/vsuwfgzjnz/public_html/vendor/fruitcake/laravel-cors/src/HandleCors.php(37): Illuminate\\Pipeline\\Pipeline->Illuminate\\Pipeline\\{closure}()
#51 /home/558456.cloudwaysapps.com/vsuwfgzjnz/public_html/vendor/laravel/framework/src/Illuminate/Pipeline/Pipeline.php(167): Fruitcake\\Cors\\HandleCors->handle()
#52 /home/558456.cloudwaysapps.com/vsuwfgzjnz/public_html/vendor/fideloper/proxy/src/TrustProxies.php(57): Illuminate\\Pipeline\\Pipeline->Illuminate\\Pipeline\\{closure}()
#53 /home/558456.cloudwaysapps.com/vsuwfgzjnz/public_html/vendor/laravel/framework/src/Illuminate/Pipeline/Pipeline.php(167): Fideloper\\Proxy\\TrustProxies->handle()
#54 /home/558456.cloudwaysapps.com/vsuwfgzjnz/public_html/vendor/laravel/framework/src/Illuminate/Pipeline/Pipeline.php(103): Illuminate\\Pipeline\\Pipeline->Illuminate\\Pipeline\\{closure}()
#55 /home/558456.cloudwaysapps.com/vsuwfgzjnz/public_html/vendor/laravel/framework/src/Illuminate/Foundation/Http/Kernel.php(140): Illuminate\\Pipeline\\Pipeline->then()
#56 /home/558456.cloudwaysapps.com/vsuwfgzjnz/public_html/vendor/laravel/framework/src/Illuminate/Foundation/Http/Kernel.php(109): Illuminate\\Foundation\\Http\\Kernel->sendRequestThroughRouter()
#57 /home/558456.cloudwaysapps.com/vsuwfgzjnz/public_html/public/index.php(55): Illuminate\\Foundation\\Http\\Kernel->handle()
#58 {main}

[previous exception] [object] (Swift_IoException(code: 0): Connection to ssl://smtp.googlemail.com:465 Timed Out at /home/558456.cloudwaysapps.com/vsuwfgzjnz/public_html/vendor/swiftmailer/swiftmailer/lib/classes/Swift/Transport/StreamBuffer.php:166)
[stacktrace]
#0 /home/558456.cloudwaysapps.com/vsuwfgzjnz/public_html/vendor/swiftmailer/swiftmailer/lib/classes/Swift/Transport/AbstractSmtpTransport.php(470): Swift_Transport_StreamBuffer->readLine()
#1 /home/558456.cloudwaysapps.com/vsuwfgzjnz/public_html/vendor/swiftmailer/swiftmailer/lib/classes/Swift/Transport/AbstractSmtpTransport.php(343): Swift_Transport_AbstractSmtpTransport->getFullResponse()
#2 /home/558456.cloudwaysapps.com/vsuwfgzjnz/public_html/vendor/swiftmailer/swiftmailer/lib/classes/Swift/Transport/EsmtpTransport.php(305): Swift_Transport_AbstractSmtpTransport->executeCommand()
#3 /home/558456.cloudwaysapps.com/vsuwfgzjnz/public_html/vendor/swiftmailer/swiftmailer/lib/classes/Swift/Transport/AbstractSmtpTransport.php(407): Swift_Transport_EsmtpTransport->executeCommand()
#4 /home/558456.cloudwaysapps.com/vsuwfgzjnz/public_html/vendor/swiftmailer/swiftmailer/lib/classes/Swift/Transport/AbstractSmtpTransport.php(503): Swift_Transport_AbstractSmtpTransport->streamMessage()
#5 /home/558456.cloudwaysapps.com/vsuwfgzjnz/public_html/vendor/swiftmailer/swiftmailer/lib/classes/Swift/Transport/AbstractSmtpTransport.php(519): Swift_Transport_AbstractSmtpTransport->doMailTransaction()
#6 /home/558456.cloudwaysapps.com/vsuwfgzjnz/public_html/vendor/swiftmailer/swiftmailer/lib/classes/Swift/Transport/AbstractSmtpTransport.php(206): Swift_Transport_AbstractSmtpTransport->sendTo()
#7 /home/558456.cloudwaysapps.com/vsuwfgzjnz/public_html/vendor/swiftmailer/swiftmailer/lib/classes/Swift/Mailer.php(71): Swift_Transport_AbstractSmtpTransport->send()
#8 /home/558456.cloudwaysapps.com/vsuwfgzjnz/public_html/vendor/laravel/framework/src/Illuminate/Mail/Mailer.php(521): Swift_Mailer->send()
#9 /home/558456.cloudwaysapps.com/vsuwfgzjnz/public_html/vendor/laravel/framework/src/Illuminate/Mail/Mailer.php(288): Illuminate\\Mail\\Mailer->sendSwiftMessage()
#10 /home/558456.cloudwaysapps.com/vsuwfgzjnz/public_html/vendor/laravel/framework/src/Illuminate/Mail/Mailable.php(177): Illuminate\\Mail\\Mailer->send()
#11 /home/558456.cloudwaysapps.com/vsuwfgzjnz/public_html/vendor/laravel/framework/src/Illuminate/Support/Traits/Localizable.php(19): Illuminate\\Mail\\Mailable->Illuminate\\Mail\\{closure}()
#12 /home/558456.cloudwaysapps.com/vsuwfgzjnz/public_html/vendor/laravel/framework/src/Illuminate/Mail/Mailable.php(178): Illuminate\\Mail\\Mailable->withLocale()
#13 /home/558456.cloudwaysapps.com/vsuwfgzjnz/public_html/vendor/laravel/framework/src/Illuminate/Mail/Mailer.php(304): Illuminate\\Mail\\Mailable->send()
#14 /home/558456.cloudwaysapps.com/vsuwfgzjnz/public_html/vendor/laravel/framework/src/Illuminate/Mail/Mailer.php(258): Illuminate\\Mail\\Mailer->sendMailable()
#15 /home/558456.cloudwaysapps.com/vsuwfgzjnz/public_html/vendor/laravel/framework/src/Illuminate/Mail/PendingMail.php(121): Illuminate\\Mail\\Mailer->send()
#16 /home/558456.cloudwaysapps.com/vsuwfgzjnz/public_html/app/Http/Controllers/HomeController.php(33): Illuminate\\Mail\\PendingMail->send()
#17 /home/558456.cloudwaysapps.com/vsuwfgzjnz/public_html/vendor/laravel/framework/src/Illuminate/Routing/Controller.php(54): App\\Http\\Controllers\\HomeController->sendContact()
#18 /home/558456.cloudwaysapps.com/vsuwfgzjnz/public_html/vendor/laravel/framework/src/Illuminate/Routing/ControllerDispatcher.php(45): Illuminate\\Routing\\Controller->callAction()
#19 /home/558456.cloudwaysapps.com/vsuwfgzjnz/public_html/vendor/laravel/framework/src/Illuminate/Routing/Route.php(239): Illuminate\\Routing\\ControllerDispatcher->dispatch()
#20 /home/558456.cloudwaysapps.com/vsuwfgzjnz/public_html/vendor/laravel/framework/src/Illuminate/Routing/Route.php(196): Illuminate\\Routing\\Route->runController()
#21 /home/558456.cloudwaysapps.com/vsuwfgzjnz/public_html/vendor/laravel/framework/src/Illuminate/Routing/Router.php(685): Illuminate\\Routing\\Route->run()
#22 /home/558456.cloudwaysapps.com/vsuwfgzjnz/public_html/vendor/laravel/framework/src/Illuminate/Pipeline/Pipeline.php(128): Illuminate\\Routing\\Router->Illuminate\\Routing\\{closure}()
#23 /home/558456.cloudwaysapps.com/vsuwfgzjnz/public_html/vendor/laravel/framework/src/Illuminate/Routing/Middleware/SubstituteBindings.php(41): Illuminate\\Pipeline\\Pipeline->Illuminate\\Pipeline\\{closure}()
#24 /home/558456.cloudwaysapps.com/vsuwfgzjnz/public_html/vendor/laravel/framework/src/Illuminate/Pipeline/Pipeline.php(167): Illuminate\\Routing\\Middleware\\SubstituteBindings->handle()
#25 /home/558456.cloudwaysapps.com/vsuwfgzjnz/public_html/vendor/laravel/framework/src/Illuminate/Foundation/Http/Middleware/VerifyCsrfToken.php(78): Illuminate\\Pipeline\\Pipeline->Illuminate\\Pipeline\\{closure}()
#26 /home/558456.cloudwaysapps.com/vsuwfgzjnz/public_html/vendor/laravel/framework/src/Illuminate/Pipeline/Pipeline.php(167): Illuminate\\Foundation\\Http\\Middleware\\VerifyCsrfToken->handle()
#27 /home/558456.cloudwaysapps.com/vsuwfgzjnz/public_html/vendor/laravel/framework/src/Illuminate/View/Middleware/ShareErrorsFromSession.php(49): Illuminate\\Pipeline\\Pipeline->Illuminate\\Pipeline\\{closure}()
#28 /home/558456.cloudwaysapps.com/vsuwfgzjnz/public_html/vendor/laravel/framework/src/Illuminate/Pipeline/Pipeline.php(167): Illuminate\\View\\Middleware\\ShareErrorsFromSession->handle()
#29 /home/558456.cloudwaysapps.com/vsuwfgzjnz/public_html/vendor/laravel/framework/src/Illuminate/Session/Middleware/StartSession.php(116): Illuminate\\Pipeline\\Pipeline->Illuminate\\Pipeline\\{closure}()
#30 /home/558456.cloudwaysapps.com/vsuwfgzjnz/public_html/vendor/laravel/framework/src/Illuminate/Session/Middleware/StartSession.php(62): Illuminate\\Session\\Middleware\\StartSession->handleStatefulRequest()
#31 /home/558456.cloudwaysapps.com/vsuwfgzjnz/public_html/vendor/laravel/framework/src/Illuminate/Pipeline/Pipeline.php(167): Illuminate\\Session\\Middleware\\StartSession->handle()
#32 /home/558456.cloudwaysapps.com/vsuwfgzjnz/public_html/vendor/laravel/framework/src/Illuminate/Cookie/Middleware/AddQueuedCookiesToResponse.php(37): Illuminate\\Pipeline\\Pipeline->Illuminate\\Pipeline\\{closure}()
#33 /home/558456.cloudwaysapps.com/vsuwfgzjnz/public_html/vendor/laravel/framework/src/Illuminate/Pipeline/Pipeline.php(167): Illuminate\\Cookie\\Middleware\\AddQueuedCookiesToResponse->handle()
#34 /home/558456.cloudwaysapps.com/vsuwfgzjnz/public_html/vendor/laravel/framework/src/Illuminate/Cookie/Middleware/EncryptCookies.php(67): Illuminate\\Pipeline\\Pipeline->Illuminate\\Pipeline\\{closure}()
#35 /home/558456.cloudwaysapps.com/vsuwfgzjnz/public_html/vendor/laravel/framework/src/Illuminate/Pipeline/Pipeline.php(167): Illuminate\\Cookie\\Middleware\\EncryptCookies->handle()
#36 /home/558456.cloudwaysapps.com/vsuwfgzjnz/public_html/vendor/laravel/framework/src/Illuminate/Pipeline/Pipeline.php(103): Illuminate\\Pipeline\\Pipeline->Illuminate\\Pipeline\\{closure}()
#37 /home/558456.cloudwaysapps.com/vsuwfgzjnz/public_html/vendor/laravel/framework/src/Illuminate/Routing/Router.php(687): Illuminate\\Pipeline\\Pipeline->then()
#38 /home/558456.cloudwaysapps.com/vsuwfgzjnz/public_html/vendor/laravel/framework/src/Illuminate/Routing/Router.php(662): Illuminate\\Routing\\Router->runRouteWithinStack()
#39 /home/558456.cloudwaysapps.com/vsuwfgzjnz/public_html/vendor/laravel/framework/src/Illuminate/Routing/Router.php(628): Illuminate\\Routing\\Router->runRoute()
#40 /home/558456.cloudwaysapps.com/vsuwfgzjnz/public_html/vendor/laravel/framework/src/Illuminate/Routing/Router.php(617): Illuminate\\Routing\\Router->dispatchToRoute()
#41 /home/558456.cloudwaysapps.com/vsuwfgzjnz/public_html/vendor/laravel/framework/src/Illuminate/Foundation/Http/Kernel.php(165): Illuminate\\Routing\\Router->dispatch()
#42 /home/558456.cloudwaysapps.com/vsuwfgzjnz/public_html/vendor/laravel/framework/src/Illuminate/Pipeline/Pipeline.php(128): Illuminate\\Foundation\\Http\\Kernel->Illuminate\\Foundation\\Http\\{closure}()
#43 /home/558456.cloudwaysapps.com/vsuwfgzjnz/public_html/vendor/laravel/framework/src/Illuminate/Foundation/Http/Middleware/TransformsRequest.php(21): Illuminate\\Pipeline\\Pipeline->Illuminate\\Pipeline\\{closure}()
#44 /home/558456.cloudwaysapps.com/vsuwfgzjnz/public_html/vendor/laravel/framework/src/Illuminate/Pipeline/Pipeline.php(167): Illuminate\\Foundation\\Http\\Middleware\\TransformsRequest->handle()
#45 /home/558456.cloudwaysapps.com/vsuwfgzjnz/public_html/vendor/laravel/framework/src/Illuminate/Foundation/Http/Middleware/TransformsRequest.php(21): Illuminate\\Pipeline\\Pipeline->Illuminate\\Pipeline\\{closure}()
#46 /home/558456.cloudwaysapps.com/vsuwfgzjnz/public_html/vendor/laravel/framework/src/Illuminate/Pipeline/Pipeline.php(167): Illuminate\\Foundation\\Http\\Middleware\\TransformsRequest->handle()
#47 /home/558456.cloudwaysapps.com/vsuwfgzjnz/public_html/vendor/laravel/framework/src/Illuminate/Foundation/Http/Middleware/ValidatePostSize.php(27): Illuminate\\Pipeline\\Pipeline->Illuminate\\Pipeline\\{closure}()
#48 /home/558456.cloudwaysapps.com/vsuwfgzjnz/public_html/vendor/laravel/framework/src/Illuminate/Pipeline/Pipeline.php(167): Illuminate\\Foundation\\Http\\Middleware\\ValidatePostSize->handle()
#49 /home/558456.cloudwaysapps.com/vsuwfgzjnz/public_html/vendor/laravel/framework/src/Illuminate/Foundation/Http/Middleware/CheckForMaintenanceMode.php(63): Illuminate\\Pipeline\\Pipeline->Illuminate\\Pipeline\\{closure}()
#50 /home/558456.cloudwaysapps.com/vsuwfgzjnz/public_html/vendor/laravel/framework/src/Illuminate/Pipeline/Pipeline.php(167): Illuminate\\Foundation\\Http\\Middleware\\CheckForMaintenanceMode->handle()
#51 /home/558456.cloudwaysapps.com/vsuwfgzjnz/public_html/vendor/fruitcake/laravel-cors/src/HandleCors.php(37): Illuminate\\Pipeline\\Pipeline->Illuminate\\Pipeline\\{closure}()
#52 /home/558456.cloudwaysapps.com/vsuwfgzjnz/public_html/vendor/laravel/framework/src/Illuminate/Pipeline/Pipeline.php(167): Fruitcake\\Cors\\HandleCors->handle()
#53 /home/558456.cloudwaysapps.com/vsuwfgzjnz/public_html/vendor/fideloper/proxy/src/TrustProxies.php(57): Illuminate\\Pipeline\\Pipeline->Illuminate\\Pipeline\\{closure}()
#54 /home/558456.cloudwaysapps.com/vsuwfgzjnz/public_html/vendor/laravel/framework/src/Illuminate/Pipeline/Pipeline.php(167): Fideloper\\Proxy\\TrustProxies->handle()
#55 /home/558456.cloudwaysapps.com/vsuwfgzjnz/public_html/vendor/laravel/framework/src/Illuminate/Pipeline/Pipeline.php(103): Illuminate\\Pipeline\\Pipeline->Illuminate\\Pipeline\\{closure}()
#56 /home/558456.cloudwaysapps.com/vsuwfgzjnz/public_html/vendor/laravel/framework/src/Illuminate/Foundation/Http/Kernel.php(140): Illuminate\\Pipeline\\Pipeline->then()
#57 /home/558456.cloudwaysapps.com/vsuwfgzjnz/public_html/vendor/laravel/framework/src/Illuminate/Foundation/Http/Kernel.php(109): Illuminate\\Foundation\\Http\\Kernel->sendRequestThroughRouter()
#58 /home/558456.cloudwaysapps.com/vsuwfgzjnz/public_html/public/index.php(55): Illuminate\\Foundation\\Http\\Kernel->handle()
#59 {main}
"} 
[2022-02-24 18:31:05] production.ERROR: No Database connection yet in VoyagerServiceProvider loadAuth()  
[2022-02-24 18:31:05] production.ERROR: SQLSTATE[HY000] [1045] Access denied for user 'forge'@'localhost' (using password: NO) {"exception":"[object] (Doctrine\\DBAL\\Driver\\PDO\\Exception(code: 1045): SQLSTATE[HY000] [1045] Access denied for user 'forge'@'localhost' (using password: NO) at /home/558456.cloudwaysapps.com/vsuwfgzjnz/public_html/vendor/doctrine/dbal/lib/Doctrine/DBAL/Driver/PDO/Exception.php:18)
[stacktrace]
#0 /home/558456.cloudwaysapps.com/vsuwfgzjnz/public_html/vendor/doctrine/dbal/lib/Doctrine/DBAL/Driver/PDOConnection.php(42): Doctrine\\DBAL\\Driver\\PDO\\Exception::new()
#1 /home/558456.cloudwaysapps.com/vsuwfgzjnz/public_html/vendor/laravel/framework/src/Illuminate/Database/Connectors/Connector.php(67): Doctrine\\DBAL\\Driver\\PDOConnection->__construct()
#2 /home/558456.cloudwaysapps.com/vsuwfgzjnz/public_html/vendor/laravel/framework/src/Illuminate/Database/Connectors/Connector.php(46): Illuminate\\Database\\Connectors\\Connector->createPdoConnection()
#3 /home/558456.cloudwaysapps.com/vsuwfgzjnz/public_html/vendor/laravel/framework/src/Illuminate/Database/Connectors/MySqlConnector.php(24): Illuminate\\Database\\Connectors\\Connector->createConnection()
#4 /home/558456.cloudwaysapps.com/vsuwfgzjnz/public_html/vendor/laravel/framework/src/Illuminate/Database/Connectors/ConnectionFactory.php(184): Illuminate\\Database\\Connectors\\MySqlConnector->connect()
#5 [internal function]: Illuminate\\Database\\Connectors\\ConnectionFactory->Illuminate\\Database\\Connectors\\{closure}()
#6 /home/558456.cloudwaysapps.com/vsuwfgzjnz/public_html/vendor/laravel/framework/src/Illuminate/Database/Connection.php(926): call_user_func()
#7 /home/558456.cloudwaysapps.com/vsuwfgzjnz/public_html/vendor/laravel/framework/src/Illuminate/Database/Connection.php(908): Illuminate\\Database\\Connection->getPdo()
#8 /home/558456.cloudwaysapps.com/vsuwfgzjnz/public_html/vendor/larapack/doctrine-support/src/DoctrineSupportServiceProvider.php(55): Illuminate\\Database\\Connection->getDoctrineConnection()
#9 /home/558456.cloudwaysapps.com/vsuwfgzjnz/public_html/vendor/larapack/doctrine-support/src/DoctrineSupportServiceProvider.php(35): Larapack\\DoctrineSupport\\DoctrineSupportServiceProvider->addDoctrineTypes()
#10 /home/558456.cloudwaysapps.com/vsuwfgzjnz/public_html/vendor/laravel/framework/src/Illuminate/Database/Connectors/ConnectionFactory.php(273): Larapack\\DoctrineSupport\\DoctrineSupportServiceProvider->Larapack\\DoctrineSupport\\{closure}()
#11 /home/558456.cloudwaysapps.com/vsuwfgzjnz/public_html/vendor/laravel/framework/src/Illuminate/Database/Connectors/ConnectionFactory.php(76): Illuminate\\Database\\Connectors\\ConnectionFactory->createConnection()
#12 /home/558456.cloudwaysapps.com/vsuwfgzjnz/public_html/vendor/laravel/framework/src/Illuminate/Database/Connectors/ConnectionFactory.php(50): Illuminate\\Database\\Connectors\\ConnectionFactory->createSingleConnection()
#13 /home/558456.cloudwaysapps.com/vsuwfgzjnz/public_html/vendor/laravel/framework/src/Illuminate/Database/DatabaseManager.php(131): Illuminate\\Database\\Connectors\\ConnectionFactory->make()
#14 /home/558456.cloudwaysapps.com/vsuwfgzjnz/public_html/vendor/laravel/framework/src/Illuminate/Database/DatabaseManager.php(86): Illuminate\\Database\\DatabaseManager->makeConnection()
#15 /home/558456.cloudwaysapps.com/vsuwfgzjnz/public_html/vendor/laravel/framework/src/Illuminate/Support/Facades/Schema.php(41): Illuminate\\Database\\DatabaseManager->connection()
#16 /home/558456.cloudwaysapps.com/vsuwfgzjnz/public_html/vendor/laravel/framework/src/Illuminate/Support/Facades/Facade.php(166): Illuminate\\Support\\Facades\\Schema::getFacadeAccessor()
#17 /home/558456.cloudwaysapps.com/vsuwfgzjnz/public_html/vendor/laravel/framework/src/Illuminate/Support/Facades/Facade.php(255): Illuminate\\Support\\Facades\\Facade::getFacadeRoot()
#18 /home/558456.cloudwaysapps.com/vsuwfgzjnz/public_html/app/Providers/AppServiceProvider.php(27): Illuminate\\Support\\Facades\\Facade::__callStatic()
#19 /home/558456.cloudwaysapps.com/vsuwfgzjnz/public_html/vendor/laravel/framework/src/Illuminate/Container/BoundMethod.php(36): App\\Providers\\AppServiceProvider->boot()
#20 /home/558456.cloudwaysapps.com/vsuwfgzjnz/public_html/vendor/laravel/framework/src/Illuminate/Container/Util.php(37): Illuminate\\Container\\BoundMethod::Illuminate\\Container\\{closure}()
#21 /home/558456.cloudwaysapps.com/vsuwfgzjnz/public_html/vendor/laravel/framework/src/Illuminate/Container/BoundMethod.php(93): Illuminate\\Container\\Util::unwrapIfClosure()
#22 /home/558456.cloudwaysapps.com/vsuwfgzjnz/public_html/vendor/laravel/framework/src/Illuminate/Container/BoundMethod.php(37): Illuminate\\Container\\BoundMethod::callBoundMethod()
#23 /home/558456.cloudwaysapps.com/vsuwfgzjnz/public_html/vendor/laravel/framework/src/Illuminate/Container/Container.php(596): Illuminate\\Container\\BoundMethod::call()
#24 /home/558456.cloudwaysapps.com/vsuwfgzjnz/public_html/vendor/laravel/framework/src/Illuminate/Foundation/Application.php(867): Illuminate\\Container\\Container->call()
#25 /home/558456.cloudwaysapps.com/vsuwfgzjnz/public_html/vendor/laravel/framework/src/Illuminate/Foundation/Application.php(850): Illuminate\\Foundation\\Application->bootProvider()
#26 [internal function]: Illuminate\\Foundation\\Application->Illuminate\\Foundation\\{closure}()
#27 /home/558456.cloudwaysapps.com/vsuwfgzjnz/public_html/vendor/laravel/framework/src/Illuminate/Foundation/Application.php(851): array_walk()
#28 /home/558456.cloudwaysapps.com/vsuwfgzjnz/public_html/vendor/laravel/framework/src/Illuminate/Foundation/Bootstrap/BootProviders.php(17): Illuminate\\Foundation\\Application->boot()
#29 /home/558456.cloudwaysapps.com/vsuwfgzjnz/public_html/vendor/laravel/framework/src/Illuminate/Foundation/Application.php(230): Illuminate\\Foundation\\Bootstrap\\BootProviders->bootstrap()
#30 /home/558456.cloudwaysapps.com/vsuwfgzjnz/public_html/vendor/laravel/framework/src/Illuminate/Foundation/Http/Kernel.php(151): Illuminate\\Foundation\\Application->bootstrapWith()
#31 /home/558456.cloudwaysapps.com/vsuwfgzjnz/public_html/vendor/laravel/framework/src/Illuminate/Foundation/Http/Kernel.php(135): Illuminate\\Foundation\\Http\\Kernel->bootstrap()
#32 /home/558456.cloudwaysapps.com/vsuwfgzjnz/public_html/vendor/laravel/framework/src/Illuminate/Foundation/Http/Kernel.php(109): Illuminate\\Foundation\\Http\\Kernel->sendRequestThroughRouter()
#33 /home/558456.cloudwaysapps.com/vsuwfgzjnz/public_html/public/index.php(55): Illuminate\\Foundation\\Http\\Kernel->handle()
#34 {main}

[previous exception] [object] (PDOException(code: 1045): SQLSTATE[HY000] [1045] Access denied for user 'forge'@'localhost' (using password: NO) at /home/558456.cloudwaysapps.com/vsuwfgzjnz/public_html/vendor/doctrine/dbal/lib/Doctrine/DBAL/Driver/PDOConnection.php:38)
[stacktrace]
#0 /home/558456.cloudwaysapps.com/vsuwfgzjnz/public_html/vendor/doctrine/dbal/lib/Doctrine/DBAL/Driver/PDOConnection.php(38): PDO->__construct()
#1 /home/558456.cloudwaysapps.com/vsuwfgzjnz/public_html/vendor/laravel/framework/src/Illuminate/Database/Connectors/Connector.php(67): Doctrine\\DBAL\\Driver\\PDOConnection->__construct()
#2 /home/558456.cloudwaysapps.com/vsuwfgzjnz/public_html/vendor/laravel/framework/src/Illuminate/Database/Connectors/Connector.php(46): Illuminate\\Database\\Connectors\\Connector->createPdoConnection()
#3 /home/558456.cloudwaysapps.com/vsuwfgzjnz/public_html/vendor/laravel/framework/src/Illuminate/Database/Connectors/MySqlConnector.php(24): Illuminate\\Database\\Connectors\\Connector->createConnection()
#4 /home/558456.cloudwaysapps.com/vsuwfgzjnz/public_html/vendor/laravel/framework/src/Illuminate/Database/Connectors/ConnectionFactory.php(184): Illuminate\\Database\\Connectors\\MySqlConnector->connect()
#5 [internal function]: Illuminate\\Database\\Connectors\\ConnectionFactory->Illuminate\\Database\\Connectors\\{closure}()
#6 /home/558456.cloudwaysapps.com/vsuwfgzjnz/public_html/vendor/laravel/framework/src/Illuminate/Database/Connection.php(926): call_user_func()
#7 /home/558456.cloudwaysapps.com/vsuwfgzjnz/public_html/vendor/laravel/framework/src/Illuminate/Database/Connection.php(908): Illuminate\\Database\\Connection->getPdo()
#8 /home/558456.cloudwaysapps.com/vsuwfgzjnz/public_html/vendor/larapack/doctrine-support/src/DoctrineSupportServiceProvider.php(55): Illuminate\\Database\\Connection->getDoctrineConnection()
#9 /home/558456.cloudwaysapps.com/vsuwfgzjnz/public_html/vendor/larapack/doctrine-support/src/DoctrineSupportServiceProvider.php(35): Larapack\\DoctrineSupport\\DoctrineSupportServiceProvider->addDoctrineTypes()
#10 /home/558456.cloudwaysapps.com/vsuwfgzjnz/public_html/vendor/laravel/framework/src/Illuminate/Database/Connectors/ConnectionFactory.php(273): Larapack\\DoctrineSupport\\DoctrineSupportServiceProvider->Larapack\\DoctrineSupport\\{closure}()
#11 /home/558456.cloudwaysapps.com/vsuwfgzjnz/public_html/vendor/laravel/framework/src/Illuminate/Database/Connectors/ConnectionFactory.php(76): Illuminate\\Database\\Connectors\\ConnectionFactory->createConnection()
#12 /home/558456.cloudwaysapps.com/vsuwfgzjnz/public_html/vendor/laravel/framework/src/Illuminate/Database/Connectors/ConnectionFactory.php(50): Illuminate\\Database\\Connectors\\ConnectionFactory->createSingleConnection()
#13 /home/558456.cloudwaysapps.com/vsuwfgzjnz/public_html/vendor/laravel/framework/src/Illuminate/Database/DatabaseManager.php(131): Illuminate\\Database\\Connectors\\ConnectionFactory->make()
#14 /home/558456.cloudwaysapps.com/vsuwfgzjnz/public_html/vendor/laravel/framework/src/Illuminate/Database/DatabaseManager.php(86): Illuminate\\Database\\DatabaseManager->makeConnection()
#15 /home/558456.cloudwaysapps.com/vsuwfgzjnz/public_html/vendor/laravel/framework/src/Illuminate/Support/Facades/Schema.php(41): Illuminate\\Database\\DatabaseManager->connection()
#16 /home/558456.cloudwaysapps.com/vsuwfgzjnz/public_html/vendor/laravel/framework/src/Illuminate/Support/Facades/Facade.php(166): Illuminate\\Support\\Facades\\Schema::getFacadeAccessor()
#17 /home/558456.cloudwaysapps.com/vsuwfgzjnz/public_html/vendor/laravel/framework/src/Illuminate/Support/Facades/Facade.php(255): Illuminate\\Support\\Facades\\Facade::getFacadeRoot()
#18 /home/558456.cloudwaysapps.com/vsuwfgzjnz/public_html/app/Providers/AppServiceProvider.php(27): Illuminate\\Support\\Facades\\Facade::__callStatic()
#19 /home/558456.cloudwaysapps.com/vsuwfgzjnz/public_html/vendor/laravel/framework/src/Illuminate/Container/BoundMethod.php(36): App\\Providers\\AppServiceProvider->boot()
#20 /home/558456.cloudwaysapps.com/vsuwfgzjnz/public_html/vendor/laravel/framework/src/Illuminate/Container/Util.php(37): Illuminate\\Container\\BoundMethod::Illuminate\\Container\\{closure}()
#21 /home/558456.cloudwaysapps.com/vsuwfgzjnz/public_html/vendor/laravel/framework/src/Illuminate/Container/BoundMethod.php(93): Illuminate\\Container\\Util::unwrapIfClosure()
#22 /home/558456.cloudwaysapps.com/vsuwfgzjnz/public_html/vendor/laravel/framework/src/Illuminate/Container/BoundMethod.php(37): Illuminate\\Container\\BoundMethod::callBoundMethod()
#23 /home/558456.cloudwaysapps.com/vsuwfgzjnz/public_html/vendor/laravel/framework/src/Illuminate/Container/Container.php(596): Illuminate\\Container\\BoundMethod::call()
#24 /home/558456.cloudwaysapps.com/vsuwfgzjnz/public_html/vendor/laravel/framework/src/Illuminate/Foundation/Application.php(867): Illuminate\\Container\\Container->call()
#25 /home/558456.cloudwaysapps.com/vsuwfgzjnz/public_html/vendor/laravel/framework/src/Illuminate/Foundation/Application.php(850): Illuminate\\Foundation\\Application->bootProvider()
#26 [internal function]: Illuminate\\Foundation\\Application->Illuminate\\Foundation\\{closure}()
#27 /home/558456.cloudwaysapps.com/vsuwfgzjnz/public_html/vendor/laravel/framework/src/Illuminate/Foundation/Application.php(851): array_walk()
#28 /home/558456.cloudwaysapps.com/vsuwfgzjnz/public_html/vendor/laravel/framework/src/Illuminate/Foundation/Bootstrap/BootProviders.php(17): Illuminate\\Foundation\\Application->boot()
#29 /home/558456.cloudwaysapps.com/vsuwfgzjnz/public_html/vendor/laravel/framework/src/Illuminate/Foundation/Application.php(230): Illuminate\\Foundation\\Bootstrap\\BootProviders->bootstrap()
#30 /home/558456.cloudwaysapps.com/vsuwfgzjnz/public_html/vendor/laravel/framework/src/Illuminate/Foundation/Http/Kernel.php(151): Illuminate\\Foundation\\Application->bootstrapWith()
#31 /home/558456.cloudwaysapps.com/vsuwfgzjnz/public_html/vendor/laravel/framework/src/Illuminate/Foundation/Http/Kernel.php(135): Illuminate\\Foundation\\Http\\Kernel->bootstrap()
#32 /home/558456.cloudwaysapps.com/vsuwfgzjnz/public_html/vendor/laravel/framework/src/Illuminate/Foundation/Http/Kernel.php(109): Illuminate\\Foundation\\Http\\Kernel->sendRequestThroughRouter()
#33 /home/558456.cloudwaysapps.com/vsuwfgzjnz/public_html/public/index.php(55): Illuminate\\Foundation\\Http\\Kernel->handle()
#34 {main}
"} 
[2022-03-11 19:15:12] production.ERROR: No Database connection yet in VoyagerServiceProvider loadAuth()  
[2022-03-11 19:15:12] production.ERROR: SQLSTATE[HY000] [1045] Access denied for user 'forge'@'localhost' (using password: NO) {"exception":"[object] (Doctrine\\DBAL\\Driver\\PDO\\Exception(code: 1045): SQLSTATE[HY000] [1045] Access denied for user 'forge'@'localhost' (using password: NO) at /home/558456.cloudwaysapps.com/vsuwfgzjnz/public_html/vendor/doctrine/dbal/lib/Doctrine/DBAL/Driver/PDO/Exception.php:18)
[stacktrace]
#0 /home/558456.cloudwaysapps.com/vsuwfgzjnz/public_html/vendor/doctrine/dbal/lib/Doctrine/DBAL/Driver/PDOConnection.php(42): Doctrine\\DBAL\\Driver\\PDO\\Exception::new()
#1 /home/558456.cloudwaysapps.com/vsuwfgzjnz/public_html/vendor/laravel/framework/src/Illuminate/Database/Connectors/Connector.php(67): Doctrine\\DBAL\\Driver\\PDOConnection->__construct()
#2 /home/558456.cloudwaysapps.com/vsuwfgzjnz/public_html/vendor/laravel/framework/src/Illuminate/Database/Connectors/Connector.php(46): Illuminate\\Database\\Connectors\\Connector->createPdoConnection()
#3 /home/558456.cloudwaysapps.com/vsuwfgzjnz/public_html/vendor/laravel/framework/src/Illuminate/Database/Connectors/MySqlConnector.php(24): Illuminate\\Database\\Connectors\\Connector->createConnection()
#4 /home/558456.cloudwaysapps.com/vsuwfgzjnz/public_html/vendor/laravel/framework/src/Illuminate/Database/Connectors/ConnectionFactory.php(184): Illuminate\\Database\\Connectors\\MySqlConnector->connect()
#5 [internal function]: Illuminate\\Database\\Connectors\\ConnectionFactory->Illuminate\\Database\\Connectors\\{closure}()
#6 /home/558456.cloudwaysapps.com/vsuwfgzjnz/public_html/vendor/laravel/framework/src/Illuminate/Database/Connection.php(926): call_user_func()
#7 /home/558456.cloudwaysapps.com/vsuwfgzjnz/public_html/vendor/laravel/framework/src/Illuminate/Database/Connection.php(908): Illuminate\\Database\\Connection->getPdo()
#8 /home/558456.cloudwaysapps.com/vsuwfgzjnz/public_html/vendor/larapack/doctrine-support/src/DoctrineSupportServiceProvider.php(55): Illuminate\\Database\\Connection->getDoctrineConnection()
#9 /home/558456.cloudwaysapps.com/vsuwfgzjnz/public_html/vendor/larapack/doctrine-support/src/DoctrineSupportServiceProvider.php(35): Larapack\\DoctrineSupport\\DoctrineSupportServiceProvider->addDoctrineTypes()
#10 /home/558456.cloudwaysapps.com/vsuwfgzjnz/public_html/vendor/laravel/framework/src/Illuminate/Database/Connectors/ConnectionFactory.php(273): Larapack\\DoctrineSupport\\DoctrineSupportServiceProvider->Larapack\\DoctrineSupport\\{closure}()
#11 /home/558456.cloudwaysapps.com/vsuwfgzjnz/public_html/vendor/laravel/framework/src/Illuminate/Database/Connectors/ConnectionFactory.php(76): Illuminate\\Database\\Connectors\\ConnectionFactory->createConnection()
#12 /home/558456.cloudwaysapps.com/vsuwfgzjnz/public_html/vendor/laravel/framework/src/Illuminate/Database/Connectors/ConnectionFactory.php(50): Illuminate\\Database\\Connectors\\ConnectionFactory->createSingleConnection()
#13 /home/558456.cloudwaysapps.com/vsuwfgzjnz/public_html/vendor/laravel/framework/src/Illuminate/Database/DatabaseManager.php(131): Illuminate\\Database\\Connectors\\ConnectionFactory->make()
#14 /home/558456.cloudwaysapps.com/vsuwfgzjnz/public_html/vendor/laravel/framework/src/Illuminate/Database/DatabaseManager.php(86): Illuminate\\Database\\DatabaseManager->makeConnection()
#15 /home/558456.cloudwaysapps.com/vsuwfgzjnz/public_html/vendor/laravel/framework/src/Illuminate/Support/Facades/Schema.php(41): Illuminate\\Database\\DatabaseManager->connection()
#16 /home/558456.cloudwaysapps.com/vsuwfgzjnz/public_html/vendor/laravel/framework/src/Illuminate/Support/Facades/Facade.php(166): Illuminate\\Support\\Facades\\Schema::getFacadeAccessor()
#17 /home/558456.cloudwaysapps.com/vsuwfgzjnz/public_html/vendor/laravel/framework/src/Illuminate/Support/Facades/Facade.php(255): Illuminate\\Support\\Facades\\Facade::getFacadeRoot()
#18 /home/558456.cloudwaysapps.com/vsuwfgzjnz/public_html/app/Providers/AppServiceProvider.php(27): Illuminate\\Support\\Facades\\Facade::__callStatic()
#19 /home/558456.cloudwaysapps.com/vsuwfgzjnz/public_html/vendor/laravel/framework/src/Illuminate/Container/BoundMethod.php(36): App\\Providers\\AppServiceProvider->boot()
#20 /home/558456.cloudwaysapps.com/vsuwfgzjnz/public_html/vendor/laravel/framework/src/Illuminate/Container/Util.php(37): Illuminate\\Container\\BoundMethod::Illuminate\\Container\\{closure}()
#21 /home/558456.cloudwaysapps.com/vsuwfgzjnz/public_html/vendor/laravel/framework/src/Illuminate/Container/BoundMethod.php(93): Illuminate\\Container\\Util::unwrapIfClosure()
#22 /home/558456.cloudwaysapps.com/vsuwfgzjnz/public_html/vendor/laravel/framework/src/Illuminate/Container/BoundMethod.php(37): Illuminate\\Container\\BoundMethod::callBoundMethod()
#23 /home/558456.cloudwaysapps.com/vsuwfgzjnz/public_html/vendor/laravel/framework/src/Illuminate/Container/Container.php(596): Illuminate\\Container\\BoundMethod::call()
#24 /home/558456.cloudwaysapps.com/vsuwfgzjnz/public_html/vendor/laravel/framework/src/Illuminate/Foundation/Application.php(867): Illuminate\\Container\\Container->call()
#25 /home/558456.cloudwaysapps.com/vsuwfgzjnz/public_html/vendor/laravel/framework/src/Illuminate/Foundation/Application.php(850): Illuminate\\Foundation\\Application->bootProvider()
#26 [internal function]: Illuminate\\Foundation\\Application->Illuminate\\Foundation\\{closure}()
#27 /home/558456.cloudwaysapps.com/vsuwfgzjnz/public_html/vendor/laravel/framework/src/Illuminate/Foundation/Application.php(851): array_walk()
#28 /home/558456.cloudwaysapps.com/vsuwfgzjnz/public_html/vendor/laravel/framework/src/Illuminate/Foundation/Bootstrap/BootProviders.php(17): Illuminate\\Foundation\\Application->boot()
#29 /home/558456.cloudwaysapps.com/vsuwfgzjnz/public_html/vendor/laravel/framework/src/Illuminate/Foundation/Application.php(230): Illuminate\\Foundation\\Bootstrap\\BootProviders->bootstrap()
#30 /home/558456.cloudwaysapps.com/vsuwfgzjnz/public_html/vendor/laravel/framework/src/Illuminate/Foundation/Http/Kernel.php(151): Illuminate\\Foundation\\Application->bootstrapWith()
#31 /home/558456.cloudwaysapps.com/vsuwfgzjnz/public_html/vendor/laravel/framework/src/Illuminate/Foundation/Http/Kernel.php(135): Illuminate\\Foundation\\Http\\Kernel->bootstrap()
#32 /home/558456.cloudwaysapps.com/vsuwfgzjnz/public_html/vendor/laravel/framework/src/Illuminate/Foundation/Http/Kernel.php(109): Illuminate\\Foundation\\Http\\Kernel->sendRequestThroughRouter()
#33 /home/558456.cloudwaysapps.com/vsuwfgzjnz/public_html/public/index.php(55): Illuminate\\Foundation\\Http\\Kernel->handle()
#34 {main}

[previous exception] [object] (PDOException(code: 1045): SQLSTATE[HY000] [1045] Access denied for user 'forge'@'localhost' (using password: NO) at /home/558456.cloudwaysapps.com/vsuwfgzjnz/public_html/vendor/doctrine/dbal/lib/Doctrine/DBAL/Driver/PDOConnection.php:38)
[stacktrace]
#0 /home/558456.cloudwaysapps.com/vsuwfgzjnz/public_html/vendor/doctrine/dbal/lib/Doctrine/DBAL/Driver/PDOConnection.php(38): PDO->__construct()
#1 /home/558456.cloudwaysapps.com/vsuwfgzjnz/public_html/vendor/laravel/framework/src/Illuminate/Database/Connectors/Connector.php(67): Doctrine\\DBAL\\Driver\\PDOConnection->__construct()
#2 /home/558456.cloudwaysapps.com/vsuwfgzjnz/public_html/vendor/laravel/framework/src/Illuminate/Database/Connectors/Connector.php(46): Illuminate\\Database\\Connectors\\Connector->createPdoConnection()
#3 /home/558456.cloudwaysapps.com/vsuwfgzjnz/public_html/vendor/laravel/framework/src/Illuminate/Database/Connectors/MySqlConnector.php(24): Illuminate\\Database\\Connectors\\Connector->createConnection()
#4 /home/558456.cloudwaysapps.com/vsuwfgzjnz/public_html/vendor/laravel/framework/src/Illuminate/Database/Connectors/ConnectionFactory.php(184): Illuminate\\Database\\Connectors\\MySqlConnector->connect()
#5 [internal function]: Illuminate\\Database\\Connectors\\ConnectionFactory->Illuminate\\Database\\Connectors\\{closure}()
#6 /home/558456.cloudwaysapps.com/vsuwfgzjnz/public_html/vendor/laravel/framework/src/Illuminate/Database/Connection.php(926): call_user_func()
#7 /home/558456.cloudwaysapps.com/vsuwfgzjnz/public_html/vendor/laravel/framework/src/Illuminate/Database/Connection.php(908): Illuminate\\Database\\Connection->getPdo()
#8 /home/558456.cloudwaysapps.com/vsuwfgzjnz/public_html/vendor/larapack/doctrine-support/src/DoctrineSupportServiceProvider.php(55): Illuminate\\Database\\Connection->getDoctrineConnection()
#9 /home/558456.cloudwaysapps.com/vsuwfgzjnz/public_html/vendor/larapack/doctrine-support/src/DoctrineSupportServiceProvider.php(35): Larapack\\DoctrineSupport\\DoctrineSupportServiceProvider->addDoctrineTypes()
#10 /home/558456.cloudwaysapps.com/vsuwfgzjnz/public_html/vendor/laravel/framework/src/Illuminate/Database/Connectors/ConnectionFactory.php(273): Larapack\\DoctrineSupport\\DoctrineSupportServiceProvider->Larapack\\DoctrineSupport\\{closure}()
#11 /home/558456.cloudwaysapps.com/vsuwfgzjnz/public_html/vendor/laravel/framework/src/Illuminate/Database/Connectors/ConnectionFactory.php(76): Illuminate\\Database\\Connectors\\ConnectionFactory->createConnection()
#12 /home/558456.cloudwaysapps.com/vsuwfgzjnz/public_html/vendor/laravel/framework/src/Illuminate/Database/Connectors/ConnectionFactory.php(50): Illuminate\\Database\\Connectors\\ConnectionFactory->createSingleConnection()
#13 /home/558456.cloudwaysapps.com/vsuwfgzjnz/public_html/vendor/laravel/framework/src/Illuminate/Database/DatabaseManager.php(131): Illuminate\\Database\\Connectors\\ConnectionFactory->make()
#14 /home/558456.cloudwaysapps.com/vsuwfgzjnz/public_html/vendor/laravel/framework/src/Illuminate/Database/DatabaseManager.php(86): Illuminate\\Database\\DatabaseManager->makeConnection()
#15 /home/558456.cloudwaysapps.com/vsuwfgzjnz/public_html/vendor/laravel/framework/src/Illuminate/Support/Facades/Schema.php(41): Illuminate\\Database\\DatabaseManager->connection()
#16 /home/558456.cloudwaysapps.com/vsuwfgzjnz/public_html/vendor/laravel/framework/src/Illuminate/Support/Facades/Facade.php(166): Illuminate\\Support\\Facades\\Schema::getFacadeAccessor()
#17 /home/558456.cloudwaysapps.com/vsuwfgzjnz/public_html/vendor/laravel/framework/src/Illuminate/Support/Facades/Facade.php(255): Illuminate\\Support\\Facades\\Facade::getFacadeRoot()
#18 /home/558456.cloudwaysapps.com/vsuwfgzjnz/public_html/app/Providers/AppServiceProvider.php(27): Illuminate\\Support\\Facades\\Facade::__callStatic()
#19 /home/558456.cloudwaysapps.com/vsuwfgzjnz/public_html/vendor/laravel/framework/src/Illuminate/Container/BoundMethod.php(36): App\\Providers\\AppServiceProvider->boot()
#20 /home/558456.cloudwaysapps.com/vsuwfgzjnz/public_html/vendor/laravel/framework/src/Illuminate/Container/Util.php(37): Illuminate\\Container\\BoundMethod::Illuminate\\Container\\{closure}()
#21 /home/558456.cloudwaysapps.com/vsuwfgzjnz/public_html/vendor/laravel/framework/src/Illuminate/Container/BoundMethod.php(93): Illuminate\\Container\\Util::unwrapIfClosure()
#22 /home/558456.cloudwaysapps.com/vsuwfgzjnz/public_html/vendor/laravel/framework/src/Illuminate/Container/BoundMethod.php(37): Illuminate\\Container\\BoundMethod::callBoundMethod()
#23 /home/558456.cloudwaysapps.com/vsuwfgzjnz/public_html/vendor/laravel/framework/src/Illuminate/Container/Container.php(596): Illuminate\\Container\\BoundMethod::call()
#24 /home/558456.cloudwaysapps.com/vsuwfgzjnz/public_html/vendor/laravel/framework/src/Illuminate/Foundation/Application.php(867): Illuminate\\Container\\Container->call()
#25 /home/558456.cloudwaysapps.com/vsuwfgzjnz/public_html/vendor/laravel/framework/src/Illuminate/Foundation/Application.php(850): Illuminate\\Foundation\\Application->bootProvider()
#26 [internal function]: Illuminate\\Foundation\\Application->Illuminate\\Foundation\\{closure}()
#27 /home/558456.cloudwaysapps.com/vsuwfgzjnz/public_html/vendor/laravel/framework/src/Illuminate/Foundation/Application.php(851): array_walk()
#28 /home/558456.cloudwaysapps.com/vsuwfgzjnz/public_html/vendor/laravel/framework/src/Illuminate/Foundation/Bootstrap/BootProviders.php(17): Illuminate\\Foundation\\Application->boot()
#29 /home/558456.cloudwaysapps.com/vsuwfgzjnz/public_html/vendor/laravel/framework/src/Illuminate/Foundation/Application.php(230): Illuminate\\Foundation\\Bootstrap\\BootProviders->bootstrap()
#30 /home/558456.cloudwaysapps.com/vsuwfgzjnz/public_html/vendor/laravel/framework/src/Illuminate/Foundation/Http/Kernel.php(151): Illuminate\\Foundation\\Application->bootstrapWith()
#31 /home/558456.cloudwaysapps.com/vsuwfgzjnz/public_html/vendor/laravel/framework/src/Illuminate/Foundation/Http/Kernel.php(135): Illuminate\\Foundation\\Http\\Kernel->bootstrap()
#32 /home/558456.cloudwaysapps.com/vsuwfgzjnz/public_html/vendor/laravel/framework/src/Illuminate/Foundation/Http/Kernel.php(109): Illuminate\\Foundation\\Http\\Kernel->sendRequestThroughRouter()
#33 /home/558456.cloudwaysapps.com/vsuwfgzjnz/public_html/public/index.php(55): Illuminate\\Foundation\\Http\\Kernel->handle()
#34 {main}
"} 
